2004.09.22 18:14 B C:\Documents and Settings\Steven\My Documents\Harmony Design Test Site 1\admin38\part\menu.php --> ftp.harmonydesigns.com /var/www/html/admin38/part menu.php
2004.09.27 15:06 B C:\Documents and Settings\Steven\My Documents\Harmony Design Test Site 1\admin38\part\addstamp.php --> ftp.harmonydesigns.com /var/www/html/admin38/part addstamp.php
2004.09.27 15:06 B C:\Documents and Settings\Steven\My Documents\Harmony Design Test Site 1\admin38\part\addstamp2.php --> ftp.harmonydesigns.com /var/www/html/admin38/part addstamp2.php
2004.09.27 15:06 B C:\Documents and Settings\Steven\My Documents\Harmony Design Test Site 1\admin38\part\addstamp2a.php --> ftp.harmonydesigns.com /var/www/html/admin38/part addstamp2a.php
2004.09.27 15:06 B C:\Documents and Settings\Steven\My Documents\Harmony Design Test Site 1\admin38\part\addstamp3.php --> ftp.harmonydesigns.com /var/www/html/admin38/part addstamp3.php
2004.09.27 15:06 B C:\Documents and Settings\Steven\My Documents\Harmony Design Test Site 1\admin38\part\addstamp4.php --> ftp.harmonydesigns.com /var/www/html/admin38/part addstamp4.php
2004.09.27 15:06 B C:\Documents and Settings\Steven\My Documents\Harmony Design Test Site 1\admin38\part\addstamppic.php --> ftp.harmonydesigns.com /var/www/html/admin38/part addstamppic.php
2004.09.27 15:06 B C:\Documents and Settings\Steven\My Documents\Harmony Design Test Site 1\admin38\part\addstamppic2.php --> ftp.harmonydesigns.com /var/www/html/admin38/part addstamppic2.php
2004.09.27 15:06 B C:\Documents and Settings\Steven\My Documents\Harmony Design Test Site 1\admin38\part\deletequote.php --> ftp.harmonydesigns.com /var/www/html/admin38/part deletequote.php
2004.09.27 15:06 B C:\Documents and Settings\Steven\My Documents\Harmony Design Test Site 1\admin38\part\editquote.php --> ftp.harmonydesigns.com /var/www/html/admin38/part editquote.php
2004.09.27 15:06 B C:\Documents and Settings\Steven\My Documents\Harmony Design Test Site 1\admin38\part\editquote2.php --> ftp.harmonydesigns.com /var/www/html/admin38/part editquote2.php
2004.09.27 15:07 B C:\Documents and Settings\Steven\My Documents\Harmony Design Test Site 1\admin38\part\addquote.php --> ftp.harmonydesigns.com /var/www/html/admin38/part addquote.php
2004.09.27 15:07 B C:\Documents and Settings\Steven\My Documents\Harmony Design Test Site 1\admin38\part\addquote2.php --> ftp.harmonydesigns.com /var/www/html/admin38/part addquote2.php
2004.09.27 15:07 B C:\Documents and Settings\Steven\My Documents\Harmony Design Test Site 1\admin38\part\editquote.php --> ftp.harmonydesigns.com /var/www/html/admin38/part editquote.php
2004.09.27 15:07 B C:\Documents and Settings\Steven\My Documents\Harmony Design Test Site 1\admin38\part\editquote2.php --> ftp.harmonydesigns.com /var/www/html/admin38/part editquote2.php
2004.09.27 15:07 B C:\Documents and Settings\Steven\My Documents\Harmony Design Test Site 1\admin38\part\editstamp.php --> ftp.harmonydesigns.com /var/www/html/admin38/part editstamp.php
2004.09.27 15:08 B C:\Documents and Settings\Steven\My Documents\Harmony Design Test Site 1\admin38\part\editstamp2.php --> ftp.harmonydesigns.com /var/www/html/admin38/part editstamp2.php
2004.09.27 15:08 B C:\Documents and Settings\Steven\My Documents\Harmony Design Test Site 1\admin38\part\editstamp2a.php --> ftp.harmonydesigns.com /var/www/html/admin38/part editstamp2a.php
2004.09.27 15:08 B C:\Documents and Settings\Steven\My Documents\Harmony Design Test Site 1\admin38\part\editstamp3.php --> ftp.harmonydesigns.com /var/www/html/admin38/part editstamp3.php
2004.09.27 15:08 B C:\Documents and Settings\Steven\My Documents\Harmony Design Test Site 1\admin38\part\editstamp4.php --> ftp.harmonydesigns.com /var/www/html/admin38/part editstamp4.php
2004.09.27 15:08 B C:\Documents and Settings\Steven\My Documents\Harmony Design Test Site 1\admin38\part\searchquote.php --> ftp.harmonydesigns.com /var/www/html/admin38/part searchquote.php
2004.09.27 15:08 B C:\Documents and Settings\Steven\My Documents\Harmony Design Test Site 1\admin38\part\searchquote2.php --> ftp.harmonydesigns.com /var/www/html/admin38/part searchquote2.php
2004.09.27 15:08 B C:\Documents and Settings\Steven\My Documents\Harmony Design Test Site 1\admin38\part\searchquotea.php --> ftp.harmonydesigns.com /var/www/html/admin38/part searchquotea.php
2004.09.27 15:08 B C:\Documents and Settings\Steven\My Documents\Harmony Design Test Site 1\admin38\part\searchquotea2.php --> ftp.harmonydesigns.com /var/www/html/admin38/part searchquotea2.php
2004.09.27 15:08 B C:\Documents and Settings\Steven\My Documents\Harmony Design Test Site 1\admin38\part\searchquoteb.php --> ftp.harmonydesigns.com /var/www/html/admin38/part searchquoteb.php
2004.09.27 15:08 B C:\Documents and Settings\Steven\My Documents\Harmony Design Test Site 1\admin38\part\searchquoteb2.php --> ftp.harmonydesigns.com /var/www/html/admin38/part searchquoteb2.php
2004.09.27 15:08 B C:\Documents and Settings\Steven\My Documents\Harmony Design Test Site 1\admin38\part\searchquotec.php --> ftp.harmonydesigns.com /var/www/html/admin38/part searchquotec.php
2004.09.27 15:55 B C:\Documents and Settings\Steven\My Documents\Harmony Design Test Site 1\admin38\part\addborder.php --> ftp.harmonydesigns.com /var/www/html/admin38/part addborder.php
2004.09.27 15:55 B C:\Documents and Settings\Steven\My Documents\Harmony Design Test Site 1\admin38\part\addborder2.php --> ftp.harmonydesigns.com /var/www/html/admin38/part addborder2.php
2004.09.27 15:55 B C:\Documents and Settings\Steven\My Documents\Harmony Design Test Site 1\admin38\part\addcharm.php --> ftp.harmonydesigns.com /var/www/html/admin38/part addcharm.php
2004.09.27 15:55 B C:\Documents and Settings\Steven\My Documents\Harmony Design Test Site 1\admin38\part\addcharm2.php --> ftp.harmonydesigns.com /var/www/html/admin38/part addcharm2.php
2004.09.27 15:55 B C:\Documents and Settings\Steven\My Documents\Harmony Design Test Site 1\admin38\part\addquote.php --> ftp.harmonydesigns.com /var/www/html/admin38/part addquote.php
2004.09.27 15:55 B C:\Documents and Settings\Steven\My Documents\Harmony Design Test Site 1\admin38\part\addquote2.php --> ftp.harmonydesigns.com /var/www/html/admin38/part addquote2.php
2004.09.27 15:55 B C:\Documents and Settings\Steven\My Documents\Harmony Design Test Site 1\admin38\part\addribbon.php --> ftp.harmonydesigns.com /var/www/html/admin38/part addribbon.php
2004.09.27 15:55 B C:\Documents and Settings\Steven\My Documents\Harmony Design Test Site 1\admin38\part\addribbon2.php --> ftp.harmonydesigns.com /var/www/html/admin38/part addribbon2.php
2004.09.27 15:55 B C:\Documents and Settings\Steven\My Documents\Harmony Design Test Site 1\admin38\part\addstamp.php --> ftp.harmonydesigns.com /var/www/html/admin38/part addstamp.php
2004.09.27 15:55 B C:\Documents and Settings\Steven\My Documents\Harmony Design Test Site 1\admin38\part\addstamp2.php --> ftp.harmonydesigns.com /var/www/html/admin38/part addstamp2.php
2004.09.27 15:55 B C:\Documents and Settings\Steven\My Documents\Harmony Design Test Site 1\admin38\part\addstamp2a.php --> ftp.harmonydesigns.com /var/www/html/admin38/part addstamp2a.php
2004.09.27 15:55 B C:\Documents and Settings\Steven\My Documents\Harmony Design Test Site 1\admin38\part\addstamp3.php --> ftp.harmonydesigns.com /var/www/html/admin38/part addstamp3.php
2004.09.27 15:55 B C:\Documents and Settings\Steven\My Documents\Harmony Design Test Site 1\admin38\part\addstamp4.php --> ftp.harmonydesigns.com /var/www/html/admin38/part addstamp4.php
2004.09.27 15:55 B C:\Documents and Settings\Steven\My Documents\Harmony Design Test Site 1\admin38\part\addstamppic.php --> ftp.harmonydesigns.com /var/www/html/admin38/part addstamppic.php
2004.09.27 15:55 B C:\Documents and Settings\Steven\My Documents\Harmony Design Test Site 1\admin38\part\addstamppic2.php --> ftp.harmonydesigns.com /var/www/html/admin38/part addstamppic2.php
2004.09.27 15:55 B C:\Documents and Settings\Steven\My Documents\Harmony Design Test Site 1\admin38\part\addtassel.php --> ftp.harmonydesigns.com /var/www/html/admin38/part addtassel.php
2004.09.27 15:55 B C:\Documents and Settings\Steven\My Documents\Harmony Design Test Site 1\admin38\part\addtassel2.php --> ftp.harmonydesigns.com /var/www/html/admin38/part addtassel2.php
2004.09.27 15:55 B C:\Documents and Settings\Steven\My Documents\Harmony Design Test Site 1\admin38\part\approvecustom.php --> ftp.harmonydesigns.com /var/www/html/admin38/part approvecustom.php
2004.09.27 15:55 B C:\Documents and Settings\Steven\My Documents\Harmony Design Test Site 1\admin38\part\approvecustom2.php --> ftp.harmonydesigns.com /var/www/html/admin38/part approvecustom2.php
2004.09.27 15:55 B C:\Documents and Settings\Steven\My Documents\Harmony Design Test Site 1\admin38\part\approvecustom3.php --> ftp.harmonydesigns.com /var/www/html/admin38/part approvecustom3.php
2004.09.27 15:55 B C:\Documents and Settings\Steven\My Documents\Harmony Design Test Site 1\admin38\part\bordersmenu.php --> ftp.harmonydesigns.com /var/www/html/admin38/part bordersmenu.php
2004.09.27 15:55 B C:\Documents and Settings\Steven\My Documents\Harmony Design Test Site 1\admin38\part\charmsmenu.php --> ftp.harmonydesigns.com /var/www/html/admin38/part charmsmenu.php
2004.09.27 15:55 B C:\Documents and Settings\Steven\My Documents\Harmony Design Test Site 1\admin38\part\Copy of quotesmenu.php --> ftp.harmonydesigns.com /var/www/html/admin38/part Copy of quotesmenu.php
2004.09.27 15:55 B C:\Documents and Settings\Steven\My Documents\Harmony Design Test Site 1\admin38\part\Copy of searchquoteb.php --> ftp.harmonydesigns.com /var/www/html/admin38/part Copy of searchquoteb.php
2004.09.27 15:55 B C:\Documents and Settings\Steven\My Documents\Harmony Design Test Site 1\admin38\part\customsmenu.php --> ftp.harmonydesigns.com /var/www/html/admin38/part customsmenu.php
2004.09.27 15:55 B C:\Documents and Settings\Steven\My Documents\Harmony Design Test Site 1\admin38\part\deleteborder.php --> ftp.harmonydesigns.com /var/www/html/admin38/part deleteborder.php
2004.09.27 15:55 B C:\Documents and Settings\Steven\My Documents\Harmony Design Test Site 1\admin38\part\deletecharm.php --> ftp.harmonydesigns.com /var/www/html/admin38/part deletecharm.php
2004.09.27 15:55 B C:\Documents and Settings\Steven\My Documents\Harmony Design Test Site 1\admin38\part\deletequote.php --> ftp.harmonydesigns.com /var/www/html/admin38/part deletequote.php
2004.09.27 15:55 B C:\Documents and Settings\Steven\My Documents\Harmony Design Test Site 1\admin38\part\deleteribbon.php --> ftp.harmonydesigns.com /var/www/html/admin38/part deleteribbon.php
2004.09.27 15:55 B C:\Documents and Settings\Steven\My Documents\Harmony Design Test Site 1\admin38\part\deletestamp.php --> ftp.harmonydesigns.com /var/www/html/admin38/part deletestamp.php
2004.09.27 15:55 B C:\Documents and Settings\Steven\My Documents\Harmony Design Test Site 1\admin38\part\deletetassel.php --> ftp.harmonydesigns.com /var/www/html/admin38/part deletetassel.php
2004.09.27 15:55 B C:\Documents and Settings\Steven\My Documents\Harmony Design Test Site 1\admin38\part\editborder.php --> ftp.harmonydesigns.com /var/www/html/admin38/part editborder.php
2004.09.27 15:55 B C:\Documents and Settings\Steven\My Documents\Harmony Design Test Site 1\admin38\part\editborder2.php --> ftp.harmonydesigns.com /var/www/html/admin38/part editborder2.php
2004.09.27 15:55 B C:\Documents and Settings\Steven\My Documents\Harmony Design Test Site 1\admin38\part\editcharm.php --> ftp.harmonydesigns.com /var/www/html/admin38/part editcharm.php
2004.09.27 15:55 B C:\Documents and Settings\Steven\My Documents\Harmony Design Test Site 1\admin38\part\editcharm2.php --> ftp.harmonydesigns.com /var/www/html/admin38/part editcharm2.php
2004.09.27 15:55 B C:\Documents and Settings\Steven\My Documents\Harmony Design Test Site 1\admin38\part\editquote.php --> ftp.harmonydesigns.com /var/www/html/admin38/part editquote.php
2004.09.27 15:55 B C:\Documents and Settings\Steven\My Documents\Harmony Design Test Site 1\admin38\part\editquote2.php --> ftp.harmonydesigns.com /var/www/html/admin38/part editquote2.php
2004.09.27 15:55 B C:\Documents and Settings\Steven\My Documents\Harmony Design Test Site 1\admin38\part\editribbon.php --> ftp.harmonydesigns.com /var/www/html/admin38/part editribbon.php
2004.09.27 15:55 B C:\Documents and Settings\Steven\My Documents\Harmony Design Test Site 1\admin38\part\editribbon2.php --> ftp.harmonydesigns.com /var/www/html/admin38/part editribbon2.php
2004.09.27 15:55 B C:\Documents and Settings\Steven\My Documents\Harmony Design Test Site 1\admin38\part\editstamp.php --> ftp.harmonydesigns.com /var/www/html/admin38/part editstamp.php
2004.09.27 15:55 B C:\Documents and Settings\Steven\My Documents\Harmony Design Test Site 1\admin38\part\editstamp2.php --> ftp.harmonydesigns.com /var/www/html/admin38/part editstamp2.php
2004.09.27 15:55 B C:\Documents and Settings\Steven\My Documents\Harmony Design Test Site 1\admin38\part\editstamp2a.php --> ftp.harmonydesigns.com /var/www/html/admin38/part editstamp2a.php
2004.09.27 15:55 B C:\Documents and Settings\Steven\My Documents\Harmony Design Test Site 1\admin38\part\editstamp3.php --> ftp.harmonydesigns.com /var/www/html/admin38/part editstamp3.php
2004.09.27 15:55 B C:\Documents and Settings\Steven\My Documents\Harmony Design Test Site 1\admin38\part\editstamp4.php --> ftp.harmonydesigns.com /var/www/html/admin38/part editstamp4.php
2004.09.27 15:55 B C:\Documents and Settings\Steven\My Documents\Harmony Design Test Site 1\admin38\part\edittassel.php --> ftp.harmonydesigns.com /var/www/html/admin38/part edittassel.php
2004.09.27 15:55 B C:\Documents and Settings\Steven\My Documents\Harmony Design Test Site 1\admin38\part\edittassel2.php --> ftp.harmonydesigns.com /var/www/html/admin38/part edittassel2.php
2004.09.27 15:55 B C:\Documents and Settings\Steven\My Documents\Harmony Design Test Site 1\admin38\part\menu.php --> ftp.harmonydesigns.com /var/www/html/admin38/part menu.php
2004.09.27 15:55 B C:\Documents and Settings\Steven\My Documents\Harmony Design Test Site 1\admin38\part\quotesmenu.php --> ftp.harmonydesigns.com /var/www/html/admin38/part quotesmenu.php
2004.09.27 15:55 B C:\Documents and Settings\Steven\My Documents\Harmony Design Test Site 1\admin38\part\ribbonsmenu.php --> ftp.harmonydesigns.com /var/www/html/admin38/part ribbonsmenu.php
2004.09.27 15:55 B C:\Documents and Settings\Steven\My Documents\Harmony Design Test Site 1\admin38\part\searchquote.php --> ftp.harmonydesigns.com /var/www/html/admin38/part searchquote.php
2004.09.27 15:56 B C:\Documents and Settings\Steven\My Documents\Harmony Design Test Site 1\admin38\part\searchquote2.php --> ftp.harmonydesigns.com /var/www/html/admin38/part searchquote2.php
2004.09.27 15:56 B C:\Documents and Settings\Steven\My Documents\Harmony Design Test Site 1\admin38\part\searchquotea.php --> ftp.harmonydesigns.com /var/www/html/admin38/part searchquotea.php
2004.09.27 15:56 B C:\Documents and Settings\Steven\My Documents\Harmony Design Test Site 1\admin38\part\searchquotea2.php --> ftp.harmonydesigns.com /var/www/html/admin38/part searchquotea2.php
2004.09.27 15:56 B C:\Documents and Settings\Steven\My Documents\Harmony Design Test Site 1\admin38\part\searchquoteb.php --> ftp.harmonydesigns.com /var/www/html/admin38/part searchquoteb.php
2004.09.27 15:56 B C:\Documents and Settings\Steven\My Documents\Harmony Design Test Site 1\admin38\part\searchquoteb2.php --> ftp.harmonydesigns.com /var/www/html/admin38/part searchquoteb2.php
2004.09.27 15:56 B C:\Documents and Settings\Steven\My Documents\Harmony Design Test Site 1\admin38\part\searchquotec.php --> ftp.harmonydesigns.com /var/www/html/admin38/part searchquotec.php
2004.09.27 15:56 B C:\Documents and Settings\Steven\My Documents\Harmony Design Test Site 1\admin38\part\stampsmenu.php --> ftp.harmonydesigns.com /var/www/html/admin38/part stampsmenu.php
2004.09.27 15:56 B C:\Documents and Settings\Steven\My Documents\Harmony Design Test Site 1\admin38\part\tasselsmenu.php --> ftp.harmonydesigns.com /var/www/html/admin38/part tasselsmenu.php
2004.09.29 09:11 B C:\Documents and Settings\Steven\My Documents\Harmony Design Test Site 1\admin38\part\searchquotec.php --> ftp.harmonydesigns.com /var/www/html/admin38/part searchquotec.php
2004.09.29 09:12 B C:\Documents and Settings\Steven\My Documents\Harmony Design Test Site 1\admin38\part\searchquotec.php --> ftp.harmonydesigns.com /var/www/html/admin38/part searchquotec.php
2004.09.29 09:15 B C:\Documents and Settings\Steven\My Documents\Harmony Design Test Site 1\admin38\part\searchquotec.php --> ftp.harmonydesigns.com /var/www/html/admin38/part searchquotec.php
2004.09.29 09:16 B C:\Documents and Settings\Steven\My Documents\Harmony Design Test Site 1\admin38\part\searchquotec.php --> ftp.harmonydesigns.com /var/www/html/admin38/part searchquotec.php
2004.09.29 14:38 B C:\Documents and Settings\Steven\My Documents\Harmony Design Test Site 1\admin38\part\editstamp.php --> ftp.harmonydesigns.com /var/www/html/admin38/part editstamp.php
2004.09.29 14:38 B C:\Documents and Settings\Steven\My Documents\Harmony Design Test Site 1\admin38\part\addstamp2a.php <-- Harmony Designs /var/www/html/admin38/part addstamp2a.php
2004.09.29 14:42 B C:\Documents and Settings\Steven\My Documents\Harmony Design Test Site 1\admin38\part\editstamp2a.php <-- Harmony Designs /var/www/html/admin38/part editstamp2a.php
2004.10.11 11:46 B C:\Documents and Settings\Steven\My Documents\Harmony Design Test Site 1\admin38\part\addstamp.php --> ftp.harmonydesigns.com /var/www/html/admin38/part addstamp.php
2004.10.11 11:46 B C:\Documents and Settings\Steven\My Documents\Harmony Design Test Site 1\admin38\part\addstamp2.php --> ftp.harmonydesigns.com /var/www/html/admin38/part addstamp2.php
2004.10.11 11:46 B C:\Documents and Settings\Steven\My Documents\Harmony Design Test Site 1\admin38\part\addstamp2a.php --> ftp.harmonydesigns.com /var/www/html/admin38/part addstamp2a.php
2004.10.11 11:46 B C:\Documents and Settings\Steven\My Documents\Harmony Design Test Site 1\admin38\part\addstamp3.php --> ftp.harmonydesigns.com /var/www/html/admin38/part addstamp3.php
2004.10.11 11:46 B C:\Documents and Settings\Steven\My Documents\Harmony Design Test Site 1\admin38\part\addstamp4.php --> ftp.harmonydesigns.com /var/www/html/admin38/part addstamp4.php
2004.10.11 11:46 B C:\Documents and Settings\Steven\My Documents\Harmony Design Test Site 1\admin38\part\editstamp.php --> ftp.harmonydesigns.com /var/www/html/admin38/part editstamp.php
2004.10.11 11:46 B C:\Documents and Settings\Steven\My Documents\Harmony Design Test Site 1\admin38\part\editstamp2.php --> ftp.harmonydesigns.com /var/www/html/admin38/part editstamp2.php
2004.10.11 11:46 B C:\Documents and Settings\Steven\My Documents\Harmony Design Test Site 1\admin38\part\editstamp2a.php --> ftp.harmonydesigns.com /var/www/html/admin38/part editstamp2a.php
2004.10.11 11:46 B C:\Documents and Settings\Steven\My Documents\Harmony Design Test Site 1\admin38\part\editstamp3.php --> ftp.harmonydesigns.com /var/www/html/admin38/part editstamp3.php
2004.10.11 11:46 B C:\Documents and Settings\Steven\My Documents\Harmony Design Test Site 1\admin38\part\editstamp4.php --> ftp.harmonydesigns.com /var/www/html/admin38/part editstamp4.php
2004.10.18 12:33 B C:\Documents and Settings\Steven\My Documents\Harmony Design Test Site 1\admin38\part\editstamp.php --> ftp.harmonydesigns.com /var/www/html/admin38/part editstamp.php
2004.10.18 12:33 B C:\Documents and Settings\Steven\My Documents\Harmony Design Test Site 1\admin38\part\editstamp2.php --> ftp.harmonydesigns.com /var/www/html/admin38/part editstamp2.php
2004.10.18 12:33 B C:\Documents and Settings\Steven\My Documents\Harmony Design Test Site 1\admin38\part\editstamp2a.php --> ftp.harmonydesigns.com /var/www/html/admin38/part editstamp2a.php
2004.10.18 12:33 B C:\Documents and Settings\Steven\My Documents\Harmony Design Test Site 1\admin38\part\editstamp3.php --> ftp.harmonydesigns.com /var/www/html/admin38/part editstamp3.php
2004.10.18 12:33 B C:\Documents and Settings\Steven\My Documents\Harmony Design Test Site 1\admin38\part\editstamp4.php --> ftp.harmonydesigns.com /var/www/html/admin38/part editstamp4.php
2004.10.18 12:33 B C:\Documents and Settings\Steven\My Documents\Harmony Design Test Site 1\admin38\part\addstamppic.php --> ftp.harmonydesigns.com /var/www/html/admin38/part addstamppic.php
2004.10.18 12:33 B C:\Documents and Settings\Steven\My Documents\Harmony Design Test Site 1\admin38\part\addstamppic2.php --> ftp.harmonydesigns.com /var/www/html/admin38/part addstamppic2.php
